{"/Users/khanhs/Work/React-native/Personal_Project/starwar-movie/src/api/api.js": {"path":"/Users/khanhs/Work/React-native/Personal_Project/starwar-movie/src/api/api.js","statementMap":{"0":{"start":{"line":1,"column":27},"end":{"line":1,"column":57}},"1":{"start":{"line":2,"column":29},"end":{"line":2,"column":56}},"2":{"start":{"line":4,"column":1},"end":{"line":4,"column":51}},"3":{"start":{"line":5,"column":23},"end":{"line":5,"column":35}},"4":{"start":{"line":6,"column":24},"end":{"line":6,"column":36}}},"fnMap":{},"branchMap":{},"s":{"0":0,"1":0,"2":0,"3":0,"4":0},"f":{},"b":{}}
,"/Users/khanhs/Work/React-native/Personal_Project/starwar-movie/src/constant/constant.js": {"path":"/Users/khanhs/Work/React-native/Personal_Project/starwar-movie/src/constant/constant.js","statementMap":{"0":{"start":{"line":1,"column":32},"end":{"line":5,"column":1}},"1":{"start":{"line":9,"column":35},"end":{"line":89,"column":1}}},"fnMap":{},"branchMap":{},"s":{"0":0,"1":0},"f":{},"b":{}}
,"/Users/khanhs/Work/React-native/Personal_Project/starwar-movie/src/navigation/navigation.js": {"path":"/Users/khanhs/Work/React-native/Personal_Project/starwar-movie/src/navigation/navigation.js","statementMap":{"0":{"start":{"line":16,"column":14},"end":{"line":16,"column":42}},"1":{"start":{"line":18,"column":1},"end":{"line":31,"column":2}}},"fnMap":{"0":{"name":"NavigationStack","decl":{"start":{"line":17,"column":24},"end":{"line":17,"column":39}},"loc":{"start":{"line":17,"column":42},"end":{"line":32,"column":1}},"line":17}},"branchMap":{},"s":{"0":0,"1":0},"f":{"0":0},"b":{}}
,"/Users/khanhs/Work/React-native/Personal_Project/starwar-movie/src/screens/character-detail.js": {"path":"/Users/khanhs/Work/React-native/Personal_Project/starwar-movie/src/screens/character-detail.js","statementMap":{"0":{"start":{"line":20,"column":20},"end":{"line":20,"column":30}},"1":{"start":{"line":21,"column":24},"end":{"line":21,"column":79}},"2":{"start":{"line":22,"column":1},"end":{"line":22,"column":56}},"3":{"start":{"line":23,"column":13},"end":{"line":23,"column":28}},"4":{"start":{"line":24,"column":29},"end":{"line":53,"column":2}},"5":{"start":{"line":25,"column":2},"end":{"line":52,"column":3}},"6":{"start":{"line":54,"column":1},"end":{"line":71,"column":2}},"7":{"start":{"line":58,"column":5},"end":{"line":58,"column":17}},"8":{"start":{"line":73,"column":15},"end":{"line":90,"column":2}}},"fnMap":{"0":{"name":"CharacterDetail","decl":{"start":{"line":19,"column":24},"end":{"line":19,"column":39}},"loc":{"start":{"line":19,"column":42},"end":{"line":72,"column":1}},"line":19},"1":{"name":"(anonymous_1)","decl":{"start":{"line":24,"column":29},"end":{"line":24,"column":30}},"loc":{"start":{"line":24,"column":47},"end":{"line":53,"column":2}},"line":24},"2":{"name":"(anonymous_2)","decl":{"start":{"line":57,"column":13},"end":{"line":57,"column":14}},"loc":{"start":{"line":57,"column":19},"end":{"line":59,"column":5}},"line":57}},"branchMap":{},"s":{"0":0,"1":0,"2":0,"3":0,"4":0,"5":0,"6":0,"7":0,"8":0},"f":{"0":0,"1":0,"2":0},"b":{}}
,"/Users/khanhs/Work/React-native/Personal_Project/starwar-movie/src/screens/movie-detail.js": {"path":"/Users/khanhs/Work/React-native/Personal_Project/starwar-movie/src/screens/movie-detail.js","statementMap":{"0":{"start":{"line":24,"column":24},"end":{"line":24,"column":79}},"1":{"start":{"line":25,"column":20},"end":{"line":25,"column":30}},"2":{"start":{"line":26,"column":13},"end":{"line":26,"column":28}},"3":{"start":{"line":27,"column":45},"end":{"line":27,"column":57}},"4":{"start":{"line":28,"column":1},"end":{"line":28,"column":48}},"5":{"start":{"line":30,"column":20},"end":{"line":40,"column":2}},"6":{"start":{"line":31,"column":2},"end":{"line":39,"column":5}},"7":{"start":{"line":32,"column":56},"end":{"line":32,"column":75}},"8":{"start":{"line":34,"column":21},"end":{"line":36,"column":6}},"9":{"start":{"line":35,"column":5},"end":{"line":35,"column":21}},"10":{"start":{"line":38,"column":4},"end":{"line":38,"column":31}},"11":{"start":{"line":42,"column":1},"end":{"line":44,"column":7}},"12":{"start":{"line":43,"column":2},"end":{"line":43,"column":14}},"13":{"start":{"line":46,"column":1},"end":{"line":50,"column":2}},"14":{"start":{"line":47,"column":2},"end":{"line":49,"column":4}},"15":{"start":{"line":51,"column":1},"end":{"line":68,"column":2}},"16":{"start":{"line":52,"column":2},"end":{"line":67,"column":3}},"17":{"start":{"line":60,"column":5},"end":{"line":60,"column":31}},"18":{"start":{"line":69,"column":1},"end":{"line":116,"column":2}},"19":{"start":{"line":77,"column":6},"end":{"line":77,"column":18}},"20":{"start":{"line":110,"column":42},"end":{"line":110,"column":69}},"21":{"start":{"line":118,"column":15},"end":{"line":164,"column":2}}},"fnMap":{"0":{"name":"MovieDetail","decl":{"start":{"line":23,"column":24},"end":{"line":23,"column":35}},"loc":{"start":{"line":23,"column":38},"end":{"line":117,"column":1}},"line":23},"1":{"name":"(anonymous_1)","decl":{"start":{"line":30,"column":20},"end":{"line":30,"column":21}},"loc":{"start":{"line":30,"column":26},"end":{"line":40,"column":2}},"line":30},"2":{"name":"(anonymous_2)","decl":{"start":{"line":32,"column":42},"end":{"line":32,"column":43}},"loc":{"start":{"line":32,"column":56},"end":{"line":32,"column":75}},"line":32},"3":{"name":"(anonymous_3)","decl":{"start":{"line":33,"column":9},"end":{"line":33,"column":10}},"loc":{"start":{"line":33,"column":19},"end":{"line":39,"column":4}},"line":33},"4":{"name":"(anonymous_4)","decl":{"start":{"line":34,"column":30},"end":{"line":34,"column":31}},"loc":{"start":{"line":34,"column":40},"end":{"line":36,"column":5}},"line":34},"5":{"name":"(anonymous_5)","decl":{"start":{"line":42,"column":11},"end":{"line":42,"column":12}},"loc":{"start":{"line":42,"column":17},"end":{"line":44,"column":2}},"line":42},"6":{"name":"(anonymous_6)","decl":{"start":{"line":46,"column":24},"end":{"line":46,"column":25}},"loc":{"start":{"line":46,"column":45},"end":{"line":50,"column":2}},"line":46},"7":{"name":"(anonymous_7)","decl":{"start":{"line":51,"column":18},"end":{"line":51,"column":19}},"loc":{"start":{"line":51,"column":35},"end":{"line":68,"column":2}},"line":51},"8":{"name":"(anonymous_8)","decl":{"start":{"line":59,"column":13},"end":{"line":59,"column":14}},"loc":{"start":{"line":59,"column":19},"end":{"line":61,"column":5}},"line":59},"9":{"name":"(anonymous_9)","decl":{"start":{"line":76,"column":14},"end":{"line":76,"column":15}},"loc":{"start":{"line":76,"column":20},"end":{"line":78,"column":6}},"line":76},"10":{"name":"(anonymous_10)","decl":{"start":{"line":110,"column":25},"end":{"line":110,"column":26}},"loc":{"start":{"line":110,"column":42},"end":{"line":110,"column":69}},"line":110}},"branchMap":{"0":{"loc":{"start":{"line":56,"column":6},"end":{"line":56,"column":66}},"type":"cond-expr","locations":[{"start":{"line":56,"column":40},"end":{"line":56,"column":41}},{"start":{"line":56,"column":44},"end":{"line":56,"column":66}}],"line":56},"1":{"loc":{"start":{"line":107,"column":6},"end":{"line":107,"column":73}},"type":"binary-expr","locations":[{"start":{"line":107,"column":6},"end":{"line":107,"column":33}},{"start":{"line":107,"column":37},"end":{"line":107,"column":73}}],"line":107}},"s":{"0":0,"1":0,"2":0,"3":0,"4":0,"5":0,"6":0,"7":0,"8":0,"9":0,"10":0,"11":0,"12":0,"13":0,"14":0,"15":0,"16":0,"17":0,"18":0,"19":0,"20":0,"21":0},"f":{"0":0,"1":0,"2":0,"3":0,"4":0,"5":0,"6":0,"7":0,"8":0,"9":0,"10":0},"b":{"0":[0,0],"1":[0,0]}}
,"/Users/khanhs/Work/React-native/Personal_Project/starwar-movie/src/screens/movie-list.js": {"path":"/Users/khanhs/Work/React-native/Personal_Project/starwar-movie/src/screens/movie-list.js","statementMap":{"0":{"start":{"line":29,"column":24},"end":{"line":29,"column":79}},"1":{"start":{"line":30,"column":35},"end":{"line":30,"column":49}},"2":{"start":{"line":31,"column":13},"end":{"line":31,"column":28}},"3":{"start":{"line":32,"column":21},"end":{"line":45,"column":2}},"4":{"start":{"line":33,"column":2},"end":{"line":44,"column":4}},"5":{"start":{"line":34,"column":21},"end":{"line":39,"column":5}},"6":{"start":{"line":35,"column":4},"end":{"line":38,"column":5}},"7":{"start":{"line":40,"column":3},"end":{"line":40,"column":26}},"8":{"start":{"line":56,"column":1},"end":{"line":58,"column":7}},"9":{"start":{"line":57,"column":2},"end":{"line":57,"column":15}},"10":{"start":{"line":59,"column":21},"end":{"line":63,"column":2}},"11":{"start":{"line":60,"column":2},"end":{"line":62,"column":4}},"12":{"start":{"line":65,"column":22},"end":{"line":95,"column":2}},"13":{"start":{"line":66,"column":2},"end":{"line":94,"column":3}},"14":{"start":{"line":69,"column":5},"end":{"line":69,"column":22}},"15":{"start":{"line":72,"column":5},"end":{"line":72,"column":56}},"16":{"start":{"line":96,"column":1},"end":{"line":96,"column":37}},"17":{"start":{"line":97,"column":1},"end":{"line":119,"column":2}},"18":{"start":{"line":109,"column":6},"end":{"line":109,"column":57}},"19":{"start":{"line":112,"column":6},"end":{"line":112,"column":57}},"20":{"start":{"line":121,"column":15},"end":{"line":144,"column":2}}},"fnMap":{"0":{"name":"MovieList","decl":{"start":{"line":28,"column":24},"end":{"line":28,"column":33}},"loc":{"start":{"line":28,"column":36},"end":{"line":120,"column":1}},"line":28},"1":{"name":"(anonymous_1)","decl":{"start":{"line":32,"column":21},"end":{"line":32,"column":22}},"loc":{"start":{"line":32,"column":33},"end":{"line":45,"column":2}},"line":32},"2":{"name":"(anonymous_2)","decl":{"start":{"line":33,"column":36},"end":{"line":33,"column":37}},"loc":{"start":{"line":33,"column":46},"end":{"line":44,"column":3}},"line":33},"3":{"name":"(anonymous_3)","decl":{"start":{"line":34,"column":44},"end":{"line":34,"column":45}},"loc":{"start":{"line":34,"column":61},"end":{"line":39,"column":4}},"line":34},"4":{"name":"(anonymous_4)","decl":{"start":{"line":56,"column":11},"end":{"line":56,"column":12}},"loc":{"start":{"line":56,"column":17},"end":{"line":58,"column":2}},"line":56},"5":{"name":"(anonymous_5)","decl":{"start":{"line":59,"column":21},"end":{"line":59,"column":22}},"loc":{"start":{"line":59,"column":38},"end":{"line":63,"column":2}},"line":59},"6":{"name":"(anonymous_6)","decl":{"start":{"line":65,"column":22},"end":{"line":65,"column":23}},"loc":{"start":{"line":65,"column":43},"end":{"line":95,"column":2}},"line":65},"7":{"name":"(anonymous_7)","decl":{"start":{"line":68,"column":13},"end":{"line":68,"column":14}},"loc":{"start":{"line":68,"column":19},"end":{"line":70,"column":5}},"line":68},"8":{"name":"(anonymous_8)","decl":{"start":{"line":71,"column":9},"end":{"line":71,"column":10}},"loc":{"start":{"line":71,"column":19},"end":{"line":73,"column":5}},"line":71},"9":{"name":"(anonymous_9)","decl":{"start":{"line":108,"column":19},"end":{"line":108,"column":20}},"loc":{"start":{"line":108,"column":29},"end":{"line":110,"column":6}},"line":108},"10":{"name":"(anonymous_10)","decl":{"start":{"line":111,"column":10},"end":{"line":111,"column":11}},"loc":{"start":{"line":111,"column":20},"end":{"line":113,"column":6}},"line":111}},"branchMap":{"0":{"loc":{"start":{"line":80,"column":7},"end":{"line":80,"column":72}},"type":"cond-expr","locations":[{"start":{"line":80,"column":46},"end":{"line":80,"column":68}},{"start":{"line":80,"column":71},"end":{"line":80,"column":72}}],"line":80},"1":{"loc":{"start":{"line":100,"column":4},"end":{"line":117,"column":4}},"type":"cond-expr","locations":[{"start":{"line":101,"column":4},"end":{"line":105,"column":7}},{"start":{"line":107,"column":4},"end":{"line":116,"column":6}}],"line":100}},"s":{"0":0,"1":0,"2":0,"3":0,"4":0,"5":0,"6":0,"7":0,"8":0,"9":0,"10":0,"11":0,"12":0,"13":0,"14":0,"15":0,"16":0,"17":0,"18":0,"19":0,"20":0},"f":{"0":0,"1":0,"2":0,"3":0,"4":0,"5":0,"6":0,"7":0,"8":0,"9":0,"10":0},"b":{"0":[0,0],"1":[0,0]}}
,"/Users/khanhs/Work/React-native/Personal_Project/starwar-movie/src/styles/colors.js": {"path":"/Users/khanhs/Work/React-native/Personal_Project/starwar-movie/src/styles/colors.js","statementMap":{},"fnMap":{},"branchMap":{},"s":{},"f":{},"b":{}}
}
