{"/Users/khanhs/Work/React-native/Personal_Project/starwar-movie/src/api/api.js": {"path":"/Users/khanhs/Work/React-native/Personal_Project/starwar-movie/src/api/api.js","statementMap":{"0":{"start":{"line":1,"column":27},"end":{"line":1,"column":57}},"1":{"start":{"line":2,"column":29},"end":{"line":2,"column":56}},"2":{"start":{"line":4,"column":1},"end":{"line":4,"column":51}},"3":{"start":{"line":5,"column":23},"end":{"line":5,"column":35}},"4":{"start":{"line":6,"column":24},"end":{"line":6,"column":36}}},"fnMap":{},"branchMap":{},"s":{"0":0,"1":0,"2":0,"3":0,"4":0},"f":{},"b":{}}
,"/Users/khanhs/Work/React-native/Personal_Project/starwar-movie/src/constant/constant.js": {"path":"/Users/khanhs/Work/React-native/Personal_Project/starwar-movie/src/constant/constant.js","statementMap":{"0":{"start":{"line":1,"column":32},"end":{"line":5,"column":1}},"1":{"start":{"line":9,"column":35},"end":{"line":89,"column":1}}},"fnMap":{},"branchMap":{},"s":{"0":0,"1":0},"f":{},"b":{}}
,"/Users/khanhs/Work/React-native/Personal_Project/starwar-movie/src/navigation/navigation.js": {"path":"/Users/khanhs/Work/React-native/Personal_Project/starwar-movie/src/navigation/navigation.js","statementMap":{"0":{"start":{"line":16,"column":14},"end":{"line":16,"column":42}},"1":{"start":{"line":18,"column":1},"end":{"line":31,"column":2}}},"fnMap":{"0":{"name":"NavigationStack","decl":{"start":{"line":17,"column":24},"end":{"line":17,"column":39}},"loc":{"start":{"line":17,"column":42},"end":{"line":32,"column":1}},"line":17}},"branchMap":{},"s":{"0":0,"1":0},"f":{"0":0},"b":{}}
,"/Users/khanhs/Work/React-native/Personal_Project/starwar-movie/src/screens/character-detail.js": {"path":"/Users/khanhs/Work/React-native/Personal_Project/starwar-movie/src/screens/character-detail.js","statementMap":{"0":{"start":{"line":15,"column":20},"end":{"line":15,"column":30}},"1":{"start":{"line":16,"column":13},"end":{"line":16,"column":28}},"2":{"start":{"line":17,"column":29},"end":{"line":24,"column":2}},"3":{"start":{"line":18,"column":2},"end":{"line":23,"column":3}},"4":{"start":{"line":25,"column":1},"end":{"line":47,"column":2}},"5":{"start":{"line":30,"column":6},"end":{"line":30,"column":18}},"6":{"start":{"line":49,"column":15},"end":{"line":81,"column":2}}},"fnMap":{"0":{"name":"CharacterDetail","decl":{"start":{"line":14,"column":24},"end":{"line":14,"column":39}},"loc":{"start":{"line":14,"column":42},"end":{"line":48,"column":1}},"line":14},"1":{"name":"(anonymous_1)","decl":{"start":{"line":17,"column":29},"end":{"line":17,"column":30}},"loc":{"start":{"line":17,"column":47},"end":{"line":24,"column":2}},"line":17},"2":{"name":"(anonymous_2)","decl":{"start":{"line":29,"column":14},"end":{"line":29,"column":15}},"loc":{"start":{"line":29,"column":20},"end":{"line":31,"column":6}},"line":29}},"branchMap":{},"s":{"0":0,"1":0,"2":0,"3":0,"4":0,"5":0,"6":0},"f":{"0":0,"1":0,"2":0},"b":{}}
,"/Users/khanhs/Work/React-native/Personal_Project/starwar-movie/src/screens/movie-detail.js": {"path":"/Users/khanhs/Work/React-native/Personal_Project/starwar-movie/src/screens/movie-detail.js","statementMap":{"0":{"start":{"line":25,"column":20},"end":{"line":25,"column":30}},"1":{"start":{"line":26,"column":13},"end":{"line":26,"column":28}},"2":{"start":{"line":27,"column":45},"end":{"line":27,"column":57}},"3":{"start":{"line":29,"column":20},"end":{"line":39,"column":2}},"4":{"start":{"line":30,"column":2},"end":{"line":38,"column":5}},"5":{"start":{"line":31,"column":56},"end":{"line":31,"column":75}},"6":{"start":{"line":33,"column":21},"end":{"line":35,"column":6}},"7":{"start":{"line":34,"column":5},"end":{"line":34,"column":21}},"8":{"start":{"line":37,"column":4},"end":{"line":37,"column":31}},"9":{"start":{"line":41,"column":1},"end":{"line":43,"column":7}},"10":{"start":{"line":42,"column":2},"end":{"line":42,"column":14}},"11":{"start":{"line":45,"column":1},"end":{"line":49,"column":2}},"12":{"start":{"line":46,"column":2},"end":{"line":48,"column":4}},"13":{"start":{"line":50,"column":1},"end":{"line":67,"column":2}},"14":{"start":{"line":51,"column":2},"end":{"line":66,"column":3}},"15":{"start":{"line":59,"column":5},"end":{"line":59,"column":31}},"16":{"start":{"line":68,"column":1},"end":{"line":125,"column":2}},"17":{"start":{"line":77,"column":7},"end":{"line":77,"column":19}},"18":{"start":{"line":118,"column":43},"end":{"line":118,"column":70}},"19":{"start":{"line":127,"column":15},"end":{"line":173,"column":2}}},"fnMap":{"0":{"name":"MovieDetail","decl":{"start":{"line":24,"column":24},"end":{"line":24,"column":35}},"loc":{"start":{"line":24,"column":38},"end":{"line":126,"column":1}},"line":24},"1":{"name":"(anonymous_1)","decl":{"start":{"line":29,"column":20},"end":{"line":29,"column":21}},"loc":{"start":{"line":29,"column":26},"end":{"line":39,"column":2}},"line":29},"2":{"name":"(anonymous_2)","decl":{"start":{"line":31,"column":42},"end":{"line":31,"column":43}},"loc":{"start":{"line":31,"column":56},"end":{"line":31,"column":75}},"line":31},"3":{"name":"(anonymous_3)","decl":{"start":{"line":32,"column":9},"end":{"line":32,"column":10}},"loc":{"start":{"line":32,"column":19},"end":{"line":38,"column":4}},"line":32},"4":{"name":"(anonymous_4)","decl":{"start":{"line":33,"column":30},"end":{"line":33,"column":31}},"loc":{"start":{"line":33,"column":40},"end":{"line":35,"column":5}},"line":33},"5":{"name":"(anonymous_5)","decl":{"start":{"line":41,"column":11},"end":{"line":41,"column":12}},"loc":{"start":{"line":41,"column":17},"end":{"line":43,"column":2}},"line":41},"6":{"name":"(anonymous_6)","decl":{"start":{"line":45,"column":24},"end":{"line":45,"column":25}},"loc":{"start":{"line":45,"column":45},"end":{"line":49,"column":2}},"line":45},"7":{"name":"(anonymous_7)","decl":{"start":{"line":50,"column":18},"end":{"line":50,"column":19}},"loc":{"start":{"line":50,"column":35},"end":{"line":67,"column":2}},"line":50},"8":{"name":"(anonymous_8)","decl":{"start":{"line":58,"column":13},"end":{"line":58,"column":14}},"loc":{"start":{"line":58,"column":19},"end":{"line":60,"column":5}},"line":58},"9":{"name":"(anonymous_9)","decl":{"start":{"line":76,"column":15},"end":{"line":76,"column":16}},"loc":{"start":{"line":76,"column":21},"end":{"line":78,"column":7}},"line":76},"10":{"name":"(anonymous_10)","decl":{"start":{"line":118,"column":26},"end":{"line":118,"column":27}},"loc":{"start":{"line":118,"column":43},"end":{"line":118,"column":70}},"line":118}},"branchMap":{"0":{"loc":{"start":{"line":55,"column":6},"end":{"line":55,"column":66}},"type":"cond-expr","locations":[{"start":{"line":55,"column":40},"end":{"line":55,"column":41}},{"start":{"line":55,"column":44},"end":{"line":55,"column":66}}],"line":55},"1":{"loc":{"start":{"line":113,"column":7},"end":{"line":115,"column":7}},"type":"binary-expr","locations":[{"start":{"line":113,"column":7},"end":{"line":113,"column":34}},{"start":{"line":114,"column":7},"end":{"line":114,"column":43}}],"line":113}},"s":{"0":0,"1":0,"2":0,"3":0,"4":0,"5":0,"6":0,"7":0,"8":0,"9":0,"10":0,"11":0,"12":0,"13":0,"14":0,"15":0,"16":0,"17":0,"18":0,"19":0},"f":{"0":0,"1":0,"2":0,"3":0,"4":0,"5":0,"6":0,"7":0,"8":0,"9":0,"10":0},"b":{"0":[0,0],"1":[0,0]}}
,"/Users/khanhs/Work/React-native/Personal_Project/starwar-movie/src/screens/movie-list.js": {"path":"/Users/khanhs/Work/React-native/Personal_Project/starwar-movie/src/screens/movie-list.js","statementMap":{"0":{"start":{"line":25,"column":35},"end":{"line":25,"column":49}},"1":{"start":{"line":26,"column":13},"end":{"line":26,"column":28}},"2":{"start":{"line":27,"column":21},"end":{"line":40,"column":2}},"3":{"start":{"line":28,"column":2},"end":{"line":39,"column":4}},"4":{"start":{"line":29,"column":21},"end":{"line":34,"column":5}},"5":{"start":{"line":30,"column":4},"end":{"line":33,"column":5}},"6":{"start":{"line":35,"column":3},"end":{"line":35,"column":26}},"7":{"start":{"line":51,"column":1},"end":{"line":53,"column":7}},"8":{"start":{"line":52,"column":2},"end":{"line":52,"column":15}},"9":{"start":{"line":54,"column":21},"end":{"line":58,"column":2}},"10":{"start":{"line":55,"column":2},"end":{"line":57,"column":4}},"11":{"start":{"line":60,"column":22},"end":{"line":90,"column":2}},"12":{"start":{"line":61,"column":2},"end":{"line":89,"column":3}},"13":{"start":{"line":64,"column":5},"end":{"line":64,"column":22}},"14":{"start":{"line":67,"column":5},"end":{"line":67,"column":56}},"15":{"start":{"line":91,"column":1},"end":{"line":115,"column":2}},"16":{"start":{"line":105,"column":6},"end":{"line":105,"column":57}},"17":{"start":{"line":108,"column":6},"end":{"line":108,"column":57}},"18":{"start":{"line":117,"column":15},"end":{"line":140,"column":2}}},"fnMap":{"0":{"name":"MovieList","decl":{"start":{"line":24,"column":24},"end":{"line":24,"column":33}},"loc":{"start":{"line":24,"column":36},"end":{"line":116,"column":1}},"line":24},"1":{"name":"(anonymous_1)","decl":{"start":{"line":27,"column":21},"end":{"line":27,"column":22}},"loc":{"start":{"line":27,"column":33},"end":{"line":40,"column":2}},"line":27},"2":{"name":"(anonymous_2)","decl":{"start":{"line":28,"column":36},"end":{"line":28,"column":37}},"loc":{"start":{"line":28,"column":46},"end":{"line":39,"column":3}},"line":28},"3":{"name":"(anonymous_3)","decl":{"start":{"line":29,"column":44},"end":{"line":29,"column":45}},"loc":{"start":{"line":29,"column":61},"end":{"line":34,"column":4}},"line":29},"4":{"name":"(anonymous_4)","decl":{"start":{"line":51,"column":11},"end":{"line":51,"column":12}},"loc":{"start":{"line":51,"column":17},"end":{"line":53,"column":2}},"line":51},"5":{"name":"(anonymous_5)","decl":{"start":{"line":54,"column":21},"end":{"line":54,"column":22}},"loc":{"start":{"line":54,"column":38},"end":{"line":58,"column":2}},"line":54},"6":{"name":"(anonymous_6)","decl":{"start":{"line":60,"column":22},"end":{"line":60,"column":23}},"loc":{"start":{"line":60,"column":43},"end":{"line":90,"column":2}},"line":60},"7":{"name":"(anonymous_7)","decl":{"start":{"line":63,"column":13},"end":{"line":63,"column":14}},"loc":{"start":{"line":63,"column":19},"end":{"line":65,"column":5}},"line":63},"8":{"name":"(anonymous_8)","decl":{"start":{"line":66,"column":9},"end":{"line":66,"column":10}},"loc":{"start":{"line":66,"column":19},"end":{"line":68,"column":5}},"line":66},"9":{"name":"(anonymous_9)","decl":{"start":{"line":104,"column":19},"end":{"line":104,"column":20}},"loc":{"start":{"line":104,"column":29},"end":{"line":106,"column":6}},"line":104},"10":{"name":"(anonymous_10)","decl":{"start":{"line":107,"column":10},"end":{"line":107,"column":11}},"loc":{"start":{"line":107,"column":20},"end":{"line":109,"column":6}},"line":107}},"branchMap":{"0":{"loc":{"start":{"line":75,"column":7},"end":{"line":75,"column":72}},"type":"cond-expr","locations":[{"start":{"line":75,"column":46},"end":{"line":75,"column":68}},{"start":{"line":75,"column":71},"end":{"line":75,"column":72}}],"line":75},"1":{"loc":{"start":{"line":96,"column":4},"end":{"line":113,"column":4}},"type":"cond-expr","locations":[{"start":{"line":97,"column":4},"end":{"line":101,"column":7}},{"start":{"line":103,"column":4},"end":{"line":112,"column":6}}],"line":96}},"s":{"0":0,"1":0,"2":0,"3":0,"4":0,"5":0,"6":0,"7":0,"8":0,"9":0,"10":0,"11":0,"12":0,"13":0,"14":0,"15":0,"16":0,"17":0,"18":0},"f":{"0":0,"1":0,"2":0,"3":0,"4":0,"5":0,"6":0,"7":0,"8":0,"9":0,"10":0},"b":{"0":[0,0],"1":[0,0]}}
,"/Users/khanhs/Work/React-native/Personal_Project/starwar-movie/src/styles/colors.js": {"path":"/Users/khanhs/Work/React-native/Personal_Project/starwar-movie/src/styles/colors.js","statementMap":{},"fnMap":{},"branchMap":{},"s":{},"f":{},"b":{}}
}
