TN:
SF:src/api/api.js
FNF:0
FNH:0
DA:1,0
DA:2,0
DA:4,0
DA:5,0
DA:6,0
LF:5
LH:0
BRF:0
BRH:0
end_of_record
TN:
SF:src/constant/constant.js
FNF:0
FNH:0
DA:1,0
DA:9,0
LF:2
LH:0
BRF:0
BRH:0
end_of_record
TN:
SF:src/navigation/navigation.js
FN:17,NavigationStack
FNF:1
FNH:0
FNDA:0,NavigationStack
DA:16,0
DA:18,0
LF:2
LH:0
BRF:0
BRH:0
end_of_record
TN:
SF:src/screens/character-detail.js
FN:14,CharacterDetail
FN:17,(anonymous_1)
FN:29,(anonymous_2)
FNF:3
FNH:0
FNDA:0,CharacterDetail
FNDA:0,(anonymous_1)
FNDA:0,(anonymous_2)
DA:15,0
DA:16,0
DA:17,0
DA:18,0
DA:25,0
DA:30,0
DA:49,0
LF:7
LH:0
BRF:0
BRH:0
end_of_record
TN:
SF:src/screens/movie-detail.js
FN:24,MovieDetail
FN:29,(anonymous_1)
FN:31,(anonymous_2)
FN:32,(anonymous_3)
FN:33,(anonymous_4)
FN:41,(anonymous_5)
FN:45,(anonymous_6)
FN:50,(anonymous_7)
FN:58,(anonymous_8)
FN:76,(anonymous_9)
FN:118,(anonymous_10)
FNF:11
FNH:0
FNDA:0,MovieDetail
FNDA:0,(anonymous_1)
FNDA:0,(anonymous_2)
FNDA:0,(anonymous_3)
FNDA:0,(anonymous_4)
FNDA:0,(anonymous_5)
FNDA:0,(anonymous_6)
FNDA:0,(anonymous_7)
FNDA:0,(anonymous_8)
FNDA:0,(anonymous_9)
FNDA:0,(anonymous_10)
DA:25,0
DA:26,0
DA:27,0
DA:29,0
DA:30,0
DA:31,0
DA:33,0
DA:34,0
DA:37,0
DA:41,0
DA:42,0
DA:45,0
DA:46,0
DA:50,0
DA:51,0
DA:59,0
DA:68,0
DA:77,0
DA:118,0
DA:127,0
LF:20
LH:0
BRDA:55,0,0,0
BRDA:55,0,1,0
BRDA:113,1,0,0
BRDA:113,1,1,0
BRF:4
BRH:0
end_of_record
TN:
SF:src/screens/movie-list.js
FN:24,MovieList
FN:27,(anonymous_1)
FN:28,(anonymous_2)
FN:29,(anonymous_3)
FN:51,(anonymous_4)
FN:54,(anonymous_5)
FN:60,(anonymous_6)
FN:63,(anonymous_7)
FN:66,(anonymous_8)
FN:104,(anonymous_9)
FN:107,(anonymous_10)
FNF:11
FNH:0
FNDA:0,MovieList
FNDA:0,(anonymous_1)
FNDA:0,(anonymous_2)
FNDA:0,(anonymous_3)
FNDA:0,(anonymous_4)
FNDA:0,(anonymous_5)
FNDA:0,(anonymous_6)
FNDA:0,(anonymous_7)
FNDA:0,(anonymous_8)
FNDA:0,(anonymous_9)
FNDA:0,(anonymous_10)
DA:25,0
DA:26,0
DA:27,0
DA:28,0
DA:29,0
DA:30,0
DA:35,0
DA:51,0
DA:52,0
DA:54,0
DA:55,0
DA:60,0
DA:61,0
DA:64,0
DA:67,0
DA:91,0
DA:105,0
DA:108,0
DA:117,0
LF:19
LH:0
BRDA:75,0,0,0
BRDA:75,0,1,0
BRDA:96,1,0,0
BRDA:96,1,1,0
BRF:4
BRH:0
end_of_record
TN:
SF:src/styles/colors.js
FNF:0
FNH:0
LF:0
LH:0
BRF:0
BRH:0
end_of_record
